<html>
<head>
<title>TestNG:  Surefire test</title>
<link href="../testng.css" rel="stylesheet" type="text/css" />
<link href="../my-testng.css" rel="stylesheet" type="text/css" />

<style type="text/css">
.log { display: none;} 
.stack-trace { display: none;} 
</style>
<script type="text/javascript">
<!--
function flip(e) {
  current = e.style.display;
  if (current == 'block') {
    e.style.display = 'none';
    return 0;
  }
  else {
    e.style.display = 'block';
    return 1;
  }
}

function toggleBox(szDivId, elem, msg1, msg2)
{
  var res = -1;  if (document.getElementById) {
    res = flip(document.getElementById(szDivId));
  }
  else if (document.all) {
    // this is the way old msie versions work
    res = flip(document.all[szDivId]);
  }
  if(elem) {
    if(res == 0) elem.innerHTML = msg1; else elem.innerHTML = msg2;
  }

}

function toggleAllBoxes() {
  if (document.getElementsByTagName) {
    d = document.getElementsByTagName('div');
    for (i = 0; i < d.length; i++) {
      if (d[i].className == 'log') {
        flip(d[i]);
      }
    }
  }
}

// -->
</script>

</head>
<body>
<h2 align='center'>Surefire test</h2><table border='1' align="center">
<tr>
<td>Tests passed/Failed/Skipped:</td><td>16/6/0</td>
</tr><tr>
<td>Started on:</td><td>Tue Sep 13 11:41:47 EET 2022</td>
</tr>
<tr><td>Total time:</td><td>195 seconds (195045 ms)</td>
</tr><tr>
<td>Included groups:</td><td></td>
</tr><tr>
<td>Excluded groups:</td><td></td>
</tr>
</table><p/>
<small><i>(Hover the method name to see the test class name)</i></small><p/>
<table width='100%' border='1' class='invocation-failed'>
<tr><td colspan='4' align='center'><b>FAILED TESTS</b></td></tr>
<tr><td><b>Test method</b></td>
<td width="30%"><b>Exception</b></td>
<td width="10%"><b>Time (seconds)</b></td>
<td><b>Instance</b></td>
</tr>
<tr>
<td title='org.example.testRunner.runners.runScenario()'><b>runScenario</b><br>Test class: org.example.testRunner.runners<br>Test method: Runs Cucumber Scenarios<br>Parameters: "user could search for product using sku", "F04_search |user could search using product name and sku"</td>
<td><div><pre>org.openqa.selenium.NoSuchElementException: no such element: Unable to locate element: {&quot;method&quot;:&quot;css selector&quot;,&quot;selector&quot;:&quot;.sku&quot;}
  (Session info: chrome=105.0.5195.102)
For documentation on this error, please visit: https://selenium.dev/exceptions/#no_such_element
Build info: version: &apos;4.3.0&apos;, revision: &apos;a4995e2c09*&apos;
System info: host: &apos;DESKTOP-LFNLK2F&apos;, ip: &apos;192.168.1.26&apos;, os.name: &apos;Windows 10&apos;, os.arch: &apos;amd64&apos;, os.version: &apos;10.0&apos;, java.version: &apos;1.8.0_202&apos;
Driver info: org.openqa.selenium.chrome.ChromeDriver
Command: [af23c6a1dd8086196e763f9e421c3bb5, findElement {using=class name, value=sku}]
Capabilities {acceptInsecureCerts: false, browserName: chrome, browserVersion: 105.0.5195.102, chrome: {chromedriverVersion: 105.0.5195.52 (412c95e51883..., userDataDir: C:\Users\Ibtsam\AppData\Loc...}, goog:chromeOptions: {debuggerAddress: localhost:54697}, networkConnectionEnabled: false, pageLoadStrategy: normal, platformName: WINDOWS, proxy: Proxy(), se:cdp: ws://localhost:54697/devtoo..., se:cdpVersion: 105.0.5195.102, setWindowRect: true, strictFileInteractability: false, timeouts: {implicit: 0, pageLoad: 300000, script: 30000}, unhandledPromptBehavior: dismiss and notify, webauthn:extension:credBlob: true, webauthn:extension:largeBlob: true, webauthn:virtualAuthenticators: true}
Session ID: af23c6a1dd8086196e763f9e421c3bb5
	at org.openqa.selenium.remote.codec.w3c.W3CHttpResponseCodec.createException(W3CHttpResponseCodec.java:200)
	at org.openqa.selenium.remote.codec.w3c.W3CHttpResponseCodec.decode(W3CHttpResponseCodec.java:133)
	at org.openqa.selenium.remote.codec.w3c.W3CHttpResponseCodec.decode(W3CHttpResponseCodec.java:53)
	at org.openqa.selenium.remote.HttpCommandExecutor.execute(HttpCommandExecutor.java:184)
	at org.openqa.selenium.remote.service.DriverCommandExecutor.invokeExecute(DriverCommandExecutor.java:167)
	at org.openqa.selenium.remote.service.DriverCommandExecutor.execute(DriverCommandExecutor.java:142)
	at org.openqa.selenium.remote.RemoteWebDriver.execute(RemoteWebDriver.java:569)
	at org.openqa.selenium.remote.ElementLocation$ElementFinder$2.findElement(ElementLocation.java:162)
	at org.openqa.selenium.remote.ElementLocation.findElement(ElementLocation.java:60)
	at org.openqa.selenium.remote.RemoteWebDriver.findElement(RemoteWebDriver.java:387)
	at org.openqa.selenium.remote.RemoteWebDriver.findElement(RemoteWebDriver.java:379)
	at org.example.pages.P05_ProductDetails.skuLbl(P05_ProductDetails.java:11)
	at org.example.stepDefs.D04_searchStepDef.checkResultAfterSearchingWithSku(D04_searchStepDef.java:50)
	at ?.The search result for searching with &quot;APPLE_CAM&quot; will be displayed(file:///C:/Users/Ibtsam/OneDrive/Documents/GitHub/demonopcommerce/src/main/resources/features/F04_Search.feature:19)
... Removed 4 stack frames</pre></div><a href='#' onClick='toggleBox("stack-trace1221407133", this, "Click to show all stack frames", "Click to hide stack frames")'>Click to show all stack frames</a>
<div class='stack-trace' id='stack-trace1221407133'><pre>org.openqa.selenium.NoSuchElementException: no such element: Unable to locate element: {&quot;method&quot;:&quot;css selector&quot;,&quot;selector&quot;:&quot;.sku&quot;}
  (Session info: chrome=105.0.5195.102)
For documentation on this error, please visit: https://selenium.dev/exceptions/#no_such_element
Build info: version: &apos;4.3.0&apos;, revision: &apos;a4995e2c09*&apos;
System info: host: &apos;DESKTOP-LFNLK2F&apos;, ip: &apos;192.168.1.26&apos;, os.name: &apos;Windows 10&apos;, os.arch: &apos;amd64&apos;, os.version: &apos;10.0&apos;, java.version: &apos;1.8.0_202&apos;
Driver info: org.openqa.selenium.chrome.ChromeDriver
Command: [af23c6a1dd8086196e763f9e421c3bb5, findElement {using=class name, value=sku}]
Capabilities {acceptInsecureCerts: false, browserName: chrome, browserVersion: 105.0.5195.102, chrome: {chromedriverVersion: 105.0.5195.52 (412c95e51883..., userDataDir: C:\Users\Ibtsam\AppData\Loc...}, goog:chromeOptions: {debuggerAddress: localhost:54697}, networkConnectionEnabled: false, pageLoadStrategy: normal, platformName: WINDOWS, proxy: Proxy(), se:cdp: ws://localhost:54697/devtoo..., se:cdpVersion: 105.0.5195.102, setWindowRect: true, strictFileInteractability: false, timeouts: {implicit: 0, pageLoad: 300000, script: 30000}, unhandledPromptBehavior: dismiss and notify, webauthn:extension:credBlob: true, webauthn:extension:largeBlob: true, webauthn:virtualAuthenticators: true}
Session ID: af23c6a1dd8086196e763f9e421c3bb5
	at sun.reflect.NativeConstructorAccessorImpl.newInstance0(Native Method)
	at sun.reflect.NativeConstructorAccessorImpl.newInstance(NativeConstructorAccessorImpl.java:62)
	at sun.reflect.DelegatingConstructorAccessorImpl.newInstance(DelegatingConstructorAccessorImpl.java:45)
	at java.lang.reflect.Constructor.newInstance(Constructor.java:423)
	at org.openqa.selenium.remote.codec.w3c.W3CHttpResponseCodec.createException(W3CHttpResponseCodec.java:200)
	at org.openqa.selenium.remote.codec.w3c.W3CHttpResponseCodec.decode(W3CHttpResponseCodec.java:133)
	at org.openqa.selenium.remote.codec.w3c.W3CHttpResponseCodec.decode(W3CHttpResponseCodec.java:53)
	at org.openqa.selenium.remote.HttpCommandExecutor.execute(HttpCommandExecutor.java:184)
	at org.openqa.selenium.remote.service.DriverCommandExecutor.invokeExecute(DriverCommandExecutor.java:167)
	at org.openqa.selenium.remote.service.DriverCommandExecutor.execute(DriverCommandExecutor.java:142)
	at org.openqa.selenium.remote.RemoteWebDriver.execute(RemoteWebDriver.java:569)
	at org.openqa.selenium.remote.ElementLocation$ElementFinder$2.findElement(ElementLocation.java:162)
	at org.openqa.selenium.remote.ElementLocation.findElement(ElementLocation.java:60)
	at org.openqa.selenium.remote.RemoteWebDriver.findElement(RemoteWebDriver.java:387)
	at org.openqa.selenium.remote.RemoteWebDriver.findElement(RemoteWebDriver.java:379)
	at org.example.pages.P05_ProductDetails.skuLbl(P05_ProductDetails.java:11)
	at org.example.stepDefs.D04_searchStepDef.checkResultAfterSearchingWithSku(D04_searchStepDef.java:50)
	at ?.The search result for searching with &quot;APPLE_CAM&quot; will be displayed(file:///C:/Users/Ibtsam/OneDrive/Documents/GitHub/demonopcommerce/src/main/resources/features/F04_Search.feature:19)
</pre></div></td>
<td>16</td>
<td>org.example.testRunner.runners@5f3a4b84</td></tr>
<tr>
<td title='org.example.testRunner.runners.runScenario()'><b>runScenario</b><br>Test class: org.example.testRunner.runners<br>Test method: Runs Cucumber Scenarios<br>Parameters: "The page should be navigated after clicking on the first image in the slider.", "F07_Slider |Navigation after clicking on Slider images."</td>
<td><div><pre>java.lang.AssertionError: Wrong direction! Bug Dedected! expected [https://demo.nopcommerce.com/nokia-lumia-1020] but found [https://demo.nopcommerce.com/]
	at org.example.stepDefs.D08_SliderNavigation.checkNavigation(D08_SliderNavigation.java:16)
	at ?.The page should be navigated to the expected URL &quot;https://demo.nopcommerce.com/nokia-lumia-1020&quot;(file:///C:/Users/Ibtsam/OneDrive/Documents/GitHub/demonopcommerce/src/main/resources/features/F08_Slider.feature:6)
... Removed 5 stack frames</pre></div><a href='#' onClick='toggleBox("stack-trace697172013", this, "Click to show all stack frames", "Click to hide stack frames")'>Click to show all stack frames</a>
<div class='stack-trace' id='stack-trace697172013'><pre>java.lang.AssertionError: Wrong direction! Bug Dedected! expected [https://demo.nopcommerce.com/nokia-lumia-1020] but found [https://demo.nopcommerce.com/]
	at org.testng.Assert.fail(Assert.java:110)
	at org.testng.Assert.failNotEquals(Assert.java:1413)
	at org.testng.Assert.assertEqualsImpl(Assert.java:149)
	at org.testng.Assert.assertEquals(Assert.java:131)
	at org.testng.Assert.assertEquals(Assert.java:655)
	at org.example.stepDefs.D08_SliderNavigation.checkNavigation(D08_SliderNavigation.java:16)
	at ?.The page should be navigated to the expected URL &quot;https://demo.nopcommerce.com/nokia-lumia-1020&quot;(file:///C:/Users/Ibtsam/OneDrive/Documents/GitHub/demonopcommerce/src/main/resources/features/F08_Slider.feature:6)
</pre></div></td>
<td>4</td>
<td>org.example.testRunner.runners@5f3a4b84</td></tr>
<tr>
<td title='org.example.testRunner.runners.runScenario()'><b>runScenario</b><br>Test class: org.example.testRunner.runners<br>Test method: Runs Cucumber Scenarios<br>Parameters: "user can add two products to compare them", "F07_AddToCompare |user can add two products to compare them"</td>
<td><div><pre>org.openqa.selenium.NoSuchElementException: no such element: Unable to locate element: {&quot;method&quot;:&quot;css selector&quot;,&quot;selector&quot;:&quot;div.compare-products&quot;}
  (Session info: chrome=105.0.5195.102)
For documentation on this error, please visit: https://selenium.dev/exceptions/#no_such_element
Build info: version: &apos;4.3.0&apos;, revision: &apos;a4995e2c09*&apos;
System info: host: &apos;DESKTOP-LFNLK2F&apos;, ip: &apos;192.168.1.26&apos;, os.name: &apos;Windows 10&apos;, os.arch: &apos;amd64&apos;, os.version: &apos;10.0&apos;, java.version: &apos;1.8.0_202&apos;
Driver info: org.openqa.selenium.chrome.ChromeDriver
Command: [868d75275824473e764cf2c9a6e97a70, findElement {using=css selector, value=div.compare-products}]
Capabilities {acceptInsecureCerts: false, browserName: chrome, browserVersion: 105.0.5195.102, chrome: {chromedriverVersion: 105.0.5195.52 (412c95e51883..., userDataDir: C:\Users\Ibtsam\AppData\Loc...}, goog:chromeOptions: {debuggerAddress: localhost:54893}, networkConnectionEnabled: false, pageLoadStrategy: normal, platformName: WINDOWS, proxy: Proxy(), se:cdp: ws://localhost:54893/devtoo..., se:cdpVersion: 105.0.5195.102, setWindowRect: true, strictFileInteractability: false, timeouts: {implicit: 0, pageLoad: 300000, script: 30000}, unhandledPromptBehavior: dismiss and notify, webauthn:extension:credBlob: true, webauthn:extension:largeBlob: true, webauthn:virtualAuthenticators: true}
Session ID: 868d75275824473e764cf2c9a6e97a70
	at org.openqa.selenium.remote.codec.w3c.W3CHttpResponseCodec.createException(W3CHttpResponseCodec.java:200)
	at org.openqa.selenium.remote.codec.w3c.W3CHttpResponseCodec.decode(W3CHttpResponseCodec.java:133)
	at org.openqa.selenium.remote.codec.w3c.W3CHttpResponseCodec.decode(W3CHttpResponseCodec.java:53)
	at org.openqa.selenium.remote.HttpCommandExecutor.execute(HttpCommandExecutor.java:184)
	at org.openqa.selenium.remote.service.DriverCommandExecutor.invokeExecute(DriverCommandExecutor.java:167)
	at org.openqa.selenium.remote.service.DriverCommandExecutor.execute(DriverCommandExecutor.java:142)
	at org.openqa.selenium.remote.RemoteWebDriver.execute(RemoteWebDriver.java:569)
	at org.openqa.selenium.remote.ElementLocation$ElementFinder$2.findElement(ElementLocation.java:162)
	at org.openqa.selenium.remote.ElementLocation.findElement(ElementLocation.java:60)
	at org.openqa.selenium.remote.RemoteWebDriver.findElement(RemoteWebDriver.java:387)
	at org.openqa.selenium.remote.RemoteWebDriver.findElement(RemoteWebDriver.java:379)
	at org.example.pages.P05_ProductDetails.addToCompareBtn(P05_ProductDetails.java:19)
	at org.example.stepDefs.D07_AddToCompare.addToCompareList(D07_AddToCompare.java:24)
	at ?.The user clicks on addToCompare button(file:///C:/Users/Ibtsam/OneDrive/Documents/GitHub/demonopcommerce/src/main/resources/features/F07_AddtoCompare.feature:7)
... Removed 4 stack frames</pre></div><a href='#' onClick='toggleBox("stack-trace828070163", this, "Click to show all stack frames", "Click to hide stack frames")'>Click to show all stack frames</a>
<div class='stack-trace' id='stack-trace828070163'><pre>org.openqa.selenium.NoSuchElementException: no such element: Unable to locate element: {&quot;method&quot;:&quot;css selector&quot;,&quot;selector&quot;:&quot;div.compare-products&quot;}
  (Session info: chrome=105.0.5195.102)
For documentation on this error, please visit: https://selenium.dev/exceptions/#no_such_element
Build info: version: &apos;4.3.0&apos;, revision: &apos;a4995e2c09*&apos;
System info: host: &apos;DESKTOP-LFNLK2F&apos;, ip: &apos;192.168.1.26&apos;, os.name: &apos;Windows 10&apos;, os.arch: &apos;amd64&apos;, os.version: &apos;10.0&apos;, java.version: &apos;1.8.0_202&apos;
Driver info: org.openqa.selenium.chrome.ChromeDriver
Command: [868d75275824473e764cf2c9a6e97a70, findElement {using=css selector, value=div.compare-products}]
Capabilities {acceptInsecureCerts: false, browserName: chrome, browserVersion: 105.0.5195.102, chrome: {chromedriverVersion: 105.0.5195.52 (412c95e51883..., userDataDir: C:\Users\Ibtsam\AppData\Loc...}, goog:chromeOptions: {debuggerAddress: localhost:54893}, networkConnectionEnabled: false, pageLoadStrategy: normal, platformName: WINDOWS, proxy: Proxy(), se:cdp: ws://localhost:54893/devtoo..., se:cdpVersion: 105.0.5195.102, setWindowRect: true, strictFileInteractability: false, timeouts: {implicit: 0, pageLoad: 300000, script: 30000}, unhandledPromptBehavior: dismiss and notify, webauthn:extension:credBlob: true, webauthn:extension:largeBlob: true, webauthn:virtualAuthenticators: true}
Session ID: 868d75275824473e764cf2c9a6e97a70
	at sun.reflect.NativeConstructorAccessorImpl.newInstance0(Native Method)
	at sun.reflect.NativeConstructorAccessorImpl.newInstance(NativeConstructorAccessorImpl.java:62)
	at sun.reflect.DelegatingConstructorAccessorImpl.newInstance(DelegatingConstructorAccessorImpl.java:45)
	at java.lang.reflect.Constructor.newInstance(Constructor.java:423)
	at org.openqa.selenium.remote.codec.w3c.W3CHttpResponseCodec.createException(W3CHttpResponseCodec.java:200)
	at org.openqa.selenium.remote.codec.w3c.W3CHttpResponseCodec.decode(W3CHttpResponseCodec.java:133)
	at org.openqa.selenium.remote.codec.w3c.W3CHttpResponseCodec.decode(W3CHttpResponseCodec.java:53)
	at org.openqa.selenium.remote.HttpCommandExecutor.execute(HttpCommandExecutor.java:184)
	at org.openqa.selenium.remote.service.DriverCommandExecutor.invokeExecute(DriverCommandExecutor.java:167)
	at org.openqa.selenium.remote.service.DriverCommandExecutor.execute(DriverCommandExecutor.java:142)
	at org.openqa.selenium.remote.RemoteWebDriver.execute(RemoteWebDriver.java:569)
	at org.openqa.selenium.remote.ElementLocation$ElementFinder$2.findElement(ElementLocation.java:162)
	at org.openqa.selenium.remote.ElementLocation.findElement(ElementLocation.java:60)
	at org.openqa.selenium.remote.RemoteWebDriver.findElement(RemoteWebDriver.java:387)
	at org.openqa.selenium.remote.RemoteWebDriver.findElement(RemoteWebDriver.java:379)
	at org.example.pages.P05_ProductDetails.addToCompareBtn(P05_ProductDetails.java:19)
	at org.example.stepDefs.D07_AddToCompare.addToCompareList(D07_AddToCompare.java:24)
	at ?.The user clicks on addToCompare button(file:///C:/Users/Ibtsam/OneDrive/Documents/GitHub/demonopcommerce/src/main/resources/features/F07_AddtoCompare.feature:7)
</pre></div></td>
<td>15</td>
<td>org.example.testRunner.runners@5f3a4b84</td></tr>
<tr>
<td title='org.example.testRunner.runners.runScenario()'><b>runScenario</b><br>Test class: org.example.testRunner.runners<br>Test method: Runs Cucumber Scenarios<br>Parameters: "The page should be navigated after clicking on the second image in the slider.", "F07_Slider |Navigation after clicking on Slider images."</td>
<td><div><pre>java.lang.AssertionError: Wrong direction! Bug Dedected! expected [https://demo.nopcommerce.com/iphone-6] but found [https://demo.nopcommerce.com/]
	at org.example.stepDefs.D08_SliderNavigation.checkNavigation(D08_SliderNavigation.java:16)
	at ?.The page should be navigated to the expected URL &quot;https://demo.nopcommerce.com/iphone-6&quot;(file:///C:/Users/Ibtsam/OneDrive/Documents/GitHub/demonopcommerce/src/main/resources/features/F08_Slider.feature:11)
... Removed 5 stack frames</pre></div><a href='#' onClick='toggleBox("stack-trace895697353", this, "Click to show all stack frames", "Click to hide stack frames")'>Click to show all stack frames</a>
<div class='stack-trace' id='stack-trace895697353'><pre>java.lang.AssertionError: Wrong direction! Bug Dedected! expected [https://demo.nopcommerce.com/iphone-6] but found [https://demo.nopcommerce.com/]
	at org.testng.Assert.fail(Assert.java:110)
	at org.testng.Assert.failNotEquals(Assert.java:1413)
	at org.testng.Assert.assertEqualsImpl(Assert.java:149)
	at org.testng.Assert.assertEquals(Assert.java:131)
	at org.testng.Assert.assertEquals(Assert.java:655)
	at org.example.stepDefs.D08_SliderNavigation.checkNavigation(D08_SliderNavigation.java:16)
	at ?.The page should be navigated to the expected URL &quot;https://demo.nopcommerce.com/iphone-6&quot;(file:///C:/Users/Ibtsam/OneDrive/Documents/GitHub/demonopcommerce/src/main/resources/features/F08_Slider.feature:11)
</pre></div></td>
<td>7</td>
<td>org.example.testRunner.runners@5f3a4b84</td></tr>
<tr>
<td title='org.example.testRunner.runners.runScenario()'><b>runScenario</b><br>Test class: org.example.testRunner.runners<br>Test method: Runs Cucumber Scenarios<br>Parameters: "user could search for product using sku", "F04_search |user could search using product name and sku"</td>
<td><div><pre>org.openqa.selenium.NoSuchElementException: no such element: Unable to locate element: {&quot;method&quot;:&quot;css selector&quot;,&quot;selector&quot;:&quot;.sku&quot;}
  (Session info: chrome=105.0.5195.102)
For documentation on this error, please visit: https://selenium.dev/exceptions/#no_such_element
Build info: version: &apos;4.3.0&apos;, revision: &apos;a4995e2c09*&apos;
System info: host: &apos;DESKTOP-LFNLK2F&apos;, ip: &apos;192.168.1.26&apos;, os.name: &apos;Windows 10&apos;, os.arch: &apos;amd64&apos;, os.version: &apos;10.0&apos;, java.version: &apos;1.8.0_202&apos;
Driver info: org.openqa.selenium.chrome.ChromeDriver
Command: [8a8a0fd021053e1288c019051aaddb43, findElement {using=class name, value=sku}]
Capabilities {acceptInsecureCerts: false, browserName: chrome, browserVersion: 105.0.5195.102, chrome: {chromedriverVersion: 105.0.5195.52 (412c95e51883..., userDataDir: C:\Users\Ibtsam\AppData\Loc...}, goog:chromeOptions: {debuggerAddress: localhost:54662}, networkConnectionEnabled: false, pageLoadStrategy: normal, platformName: WINDOWS, proxy: Proxy(), se:cdp: ws://localhost:54662/devtoo..., se:cdpVersion: 105.0.5195.102, setWindowRect: true, strictFileInteractability: false, timeouts: {implicit: 0, pageLoad: 300000, script: 30000}, unhandledPromptBehavior: dismiss and notify, webauthn:extension:credBlob: true, webauthn:extension:largeBlob: true, webauthn:virtualAuthenticators: true}
Session ID: 8a8a0fd021053e1288c019051aaddb43
	at org.openqa.selenium.remote.codec.w3c.W3CHttpResponseCodec.createException(W3CHttpResponseCodec.java:200)
	at org.openqa.selenium.remote.codec.w3c.W3CHttpResponseCodec.decode(W3CHttpResponseCodec.java:133)
	at org.openqa.selenium.remote.codec.w3c.W3CHttpResponseCodec.decode(W3CHttpResponseCodec.java:53)
	at org.openqa.selenium.remote.HttpCommandExecutor.execute(HttpCommandExecutor.java:184)
	at org.openqa.selenium.remote.service.DriverCommandExecutor.invokeExecute(DriverCommandExecutor.java:167)
	at org.openqa.selenium.remote.service.DriverCommandExecutor.execute(DriverCommandExecutor.java:142)
	at org.openqa.selenium.remote.RemoteWebDriver.execute(RemoteWebDriver.java:569)
	at org.openqa.selenium.remote.ElementLocation$ElementFinder$2.findElement(ElementLocation.java:162)
	at org.openqa.selenium.remote.ElementLocation.findElement(ElementLocation.java:60)
	at org.openqa.selenium.remote.RemoteWebDriver.findElement(RemoteWebDriver.java:387)
	at org.openqa.selenium.remote.RemoteWebDriver.findElement(RemoteWebDriver.java:379)
	at org.example.pages.P05_ProductDetails.skuLbl(P05_ProductDetails.java:11)
	at org.example.stepDefs.D04_searchStepDef.checkResultAfterSearchingWithSku(D04_searchStepDef.java:50)
	at ?.The search result for searching with &quot;SCI_FAITH&quot; will be displayed(file:///C:/Users/Ibtsam/OneDrive/Documents/GitHub/demonopcommerce/src/main/resources/features/F04_Search.feature:19)
... Removed 4 stack frames</pre></div><a href='#' onClick='toggleBox("stack-trace2000856156", this, "Click to show all stack frames", "Click to hide stack frames")'>Click to show all stack frames</a>
<div class='stack-trace' id='stack-trace2000856156'><pre>org.openqa.selenium.NoSuchElementException: no such element: Unable to locate element: {&quot;method&quot;:&quot;css selector&quot;,&quot;selector&quot;:&quot;.sku&quot;}
  (Session info: chrome=105.0.5195.102)
For documentation on this error, please visit: https://selenium.dev/exceptions/#no_such_element
Build info: version: &apos;4.3.0&apos;, revision: &apos;a4995e2c09*&apos;
System info: host: &apos;DESKTOP-LFNLK2F&apos;, ip: &apos;192.168.1.26&apos;, os.name: &apos;Windows 10&apos;, os.arch: &apos;amd64&apos;, os.version: &apos;10.0&apos;, java.version: &apos;1.8.0_202&apos;
Driver info: org.openqa.selenium.chrome.ChromeDriver
Command: [8a8a0fd021053e1288c019051aaddb43, findElement {using=class name, value=sku}]
Capabilities {acceptInsecureCerts: false, browserName: chrome, browserVersion: 105.0.5195.102, chrome: {chromedriverVersion: 105.0.5195.52 (412c95e51883..., userDataDir: C:\Users\Ibtsam\AppData\Loc...}, goog:chromeOptions: {debuggerAddress: localhost:54662}, networkConnectionEnabled: false, pageLoadStrategy: normal, platformName: WINDOWS, proxy: Proxy(), se:cdp: ws://localhost:54662/devtoo..., se:cdpVersion: 105.0.5195.102, setWindowRect: true, strictFileInteractability: false, timeouts: {implicit: 0, pageLoad: 300000, script: 30000}, unhandledPromptBehavior: dismiss and notify, webauthn:extension:credBlob: true, webauthn:extension:largeBlob: true, webauthn:virtualAuthenticators: true}
Session ID: 8a8a0fd021053e1288c019051aaddb43
	at sun.reflect.NativeConstructorAccessorImpl.newInstance0(Native Method)
	at sun.reflect.NativeConstructorAccessorImpl.newInstance(NativeConstructorAccessorImpl.java:62)
	at sun.reflect.DelegatingConstructorAccessorImpl.newInstance(DelegatingConstructorAccessorImpl.java:45)
	at java.lang.reflect.Constructor.newInstance(Constructor.java:423)
	at org.openqa.selenium.remote.codec.w3c.W3CHttpResponseCodec.createException(W3CHttpResponseCodec.java:200)
	at org.openqa.selenium.remote.codec.w3c.W3CHttpResponseCodec.decode(W3CHttpResponseCodec.java:133)
	at org.openqa.selenium.remote.codec.w3c.W3CHttpResponseCodec.decode(W3CHttpResponseCodec.java:53)
	at org.openqa.selenium.remote.HttpCommandExecutor.execute(HttpCommandExecutor.java:184)
	at org.openqa.selenium.remote.service.DriverCommandExecutor.invokeExecute(DriverCommandExecutor.java:167)
	at org.openqa.selenium.remote.service.DriverCommandExecutor.execute(DriverCommandExecutor.java:142)
	at org.openqa.selenium.remote.RemoteWebDriver.execute(RemoteWebDriver.java:569)
	at org.openqa.selenium.remote.ElementLocation$ElementFinder$2.findElement(ElementLocation.java:162)
	at org.openqa.selenium.remote.ElementLocation.findElement(ElementLocation.java:60)
	at org.openqa.selenium.remote.RemoteWebDriver.findElement(RemoteWebDriver.java:387)
	at org.openqa.selenium.remote.RemoteWebDriver.findElement(RemoteWebDriver.java:379)
	at org.example.pages.P05_ProductDetails.skuLbl(P05_ProductDetails.java:11)
	at org.example.stepDefs.D04_searchStepDef.checkResultAfterSearchingWithSku(D04_searchStepDef.java:50)
	at ?.The search result for searching with &quot;SCI_FAITH&quot; will be displayed(file:///C:/Users/Ibtsam/OneDrive/Documents/GitHub/demonopcommerce/src/main/resources/features/F04_Search.feature:19)
</pre></div></td>
<td>17</td>
<td>org.example.testRunner.runners@5f3a4b84</td></tr>
<tr>
<td title='org.example.testRunner.runners.runScenario()'><b>runScenario</b><br>Test class: org.example.testRunner.runners<br>Test method: Runs Cucumber Scenarios<br>Parameters: "user opens rss link", "F09_followUs | users could open followUs links"</td>
<td><div><pre>java.lang.IndexOutOfBoundsException: Index: 1, Size: 1
	at java.util.ArrayList.rangeCheck(ArrayList.java:657)
	at java.util.ArrayList.get(ArrayList.java:433)
	at org.example.stepDefs.D09_followUsStepDef.checkTaps(D09_followUsStepDef.java:32)
	at ?.&quot;https://demo.nopcommerce.com/new-online-store-is-open&quot; is opened in a new tab(file:///C:/Users/Ibtsam/OneDrive/Documents/GitHub/demonopcommerce/src/main/resources/features/F09_followUs.feature:14)
</pre></div><a href='#' onClick='toggleBox("stack-trace1793511544", this, "Click to show all stack frames", "Click to hide stack frames")'>Click to show all stack frames</a>
<div class='stack-trace' id='stack-trace1793511544'><pre>java.lang.IndexOutOfBoundsException: Index: 1, Size: 1
	at java.util.ArrayList.rangeCheck(ArrayList.java:657)
	at java.util.ArrayList.get(ArrayList.java:433)
	at org.example.stepDefs.D09_followUsStepDef.checkTaps(D09_followUsStepDef.java:32)
	at ?.&quot;https://demo.nopcommerce.com/new-online-store-is-open&quot; is opened in a new tab(file:///C:/Users/Ibtsam/OneDrive/Documents/GitHub/demonopcommerce/src/main/resources/features/F09_followUs.feature:14)
</pre></div></td>
<td>7</td>
<td>org.example.testRunner.runners@5f3a4b84</td></tr>
</table><p>
<table width='100%' border='1' class='invocation-passed'>
<tr><td colspan='4' align='center'><b>PASSED TESTS</b></td></tr>
<tr><td><b>Test method</b></td>
<td width="30%"><b>Exception</b></td>
<td width="10%"><b>Time (seconds)</b></td>
<td><b>Instance</b></td>
</tr>
<tr>
<td title='org.example.testRunner.runners.runScenario()'><b>runScenario</b><br>Test class: org.example.testRunner.runners<br>Test method: Runs Cucumber Scenarios<br>Parameters: "user could search for product using sku", "F04_search |user could search using product name and sku"</td>
<td></td>
<td>7</td>
<td>org.example.testRunner.runners@5f3a4b84</td></tr>
<tr>
<td title='org.example.testRunner.runners.runScenario()'><b>runScenario</b><br>Test class: org.example.testRunner.runners<br>Test method: Runs Cucumber Scenarios<br>Parameters: "user opens twitter link", "F09_followUs | users could open followUs links"</td>
<td></td>
<td>8</td>
<td>org.example.testRunner.runners@5f3a4b84</td></tr>
<tr>
<td title='org.example.testRunner.runners.runScenario()'><b>runScenario</b><br>Test class: org.example.testRunner.runners<br>Test method: Runs Cucumber Scenarios<br>Parameters: "user could login with valid email and password", "F02_Login | users could use login functionality to use their accounts"</td>
<td></td>
<td>8</td>
<td>org.example.testRunner.runners@5f3a4b84</td></tr>
<tr>
<td title='org.example.testRunner.runners.runScenario()'><b>runScenario</b><br>Test class: org.example.testRunner.runners<br>Test method: Runs Cucumber Scenarios<br>Parameters: "users can change the system currency successfully", "F03_currencies | users can change the system currency"</td>
<td></td>
<td>6</td>
<td>org.example.testRunner.runners@5f3a4b84</td></tr>
<tr>
<td title='org.example.testRunner.runners.runScenario()'><b>runScenario</b><br>Test class: org.example.testRunner.runners<br>Test method: Runs Cucumber Scenarios<br>Parameters: "user could search using product name", "F04_search |user could search using product name and sku"</td>
<td></td>
<td>6</td>
<td>org.example.testRunner.runners@5f3a4b84</td></tr>
<tr>
<td title='org.example.testRunner.runners.runScenario()'><b>runScenario</b><br>Test class: org.example.testRunner.runners<br>Test method: Runs Cucumber Scenarios<br>Parameters: "user can't login with invalid email and password", "F02_Login | users could use login functionality to use their accounts"</td>
<td></td>
<td>6</td>
<td>org.example.testRunner.runners@5f3a4b84</td></tr>
<tr>
<td title='org.example.testRunner.runners.runScenario()'><b>runScenario</b><br>Test class: org.example.testRunner.runners<br>Test method: Runs Cucumber Scenarios<br>Parameters: "2-user can add different products to Wishlist", "F06_AddToWishList |user can add different products to Wishlist"</td>
<td></td>
<td>14</td>
<td>org.example.testRunner.runners@5f3a4b84</td></tr>
<tr>
<td title='org.example.testRunner.runners.runScenario()'><b>runScenario</b><br>Test class: org.example.testRunner.runners<br>Test method: Runs Cucumber Scenarios<br>Parameters: "guest user could register with valid data successfully", "F01_Register | users could register with new accounts"</td>
<td></td>
<td>14</td>
<td>org.example.testRunner.runners@5f3a4b84</td></tr>
<tr>
<td title='org.example.testRunner.runners.runScenario()'><b>runScenario</b><br>Test class: org.example.testRunner.runners<br>Test method: Runs Cucumber Scenarios<br>Parameters: "user can select different Categories", "F05_SelectDifferentCategories |user can select different Categories"</td>
<td></td>
<td>5</td>
<td>org.example.testRunner.runners@5f3a4b84</td></tr>
<tr>
<td title='org.example.testRunner.runners.runScenario()'><b>runScenario</b><br>Test class: org.example.testRunner.runners<br>Test method: Runs Cucumber Scenarios<br>Parameters: "user opens facebook link", "F09_followUs | users could open followUs links"</td>
<td></td>
<td>7</td>
<td>org.example.testRunner.runners@5f3a4b84</td></tr>
<tr>
<td title='org.example.testRunner.runners.runScenario()'><b>runScenario</b><br>Test class: org.example.testRunner.runners<br>Test method: Runs Cucumber Scenarios<br>Parameters: "user opens youtube link", "F09_followUs | users could open followUs links"</td>
<td></td>
<td>8</td>
<td>org.example.testRunner.runners@5f3a4b84</td></tr>
<tr>
<td title='org.example.testRunner.runners.runScenario()'><b>runScenario</b><br>Test class: org.example.testRunner.runners<br>Test method: Runs Cucumber Scenarios<br>Parameters: "user could search using product name", "F04_search |user could search using product name and sku"</td>
<td></td>
<td>5</td>
<td>org.example.testRunner.runners@5f3a4b84</td></tr>
<tr>
<td title='org.example.testRunner.runners.runScenario()'><b>runScenario</b><br>Test class: org.example.testRunner.runners<br>Test method: Runs Cucumber Scenarios<br>Parameters: "user could search using product name", "F04_search |user could search using product name and sku"</td>
<td></td>
<td>6</td>
<td>org.example.testRunner.runners@5f3a4b84</td></tr>
<tr>
<td title='org.example.testRunner.runners.runScenario()'><b>runScenario</b><br>Test class: org.example.testRunner.runners<br>Test method: Runs Cucumber Scenarios<br>Parameters: "user can select different Categories", "F05_SelectDifferentCategories |user can select different Categories"</td>
<td></td>
<td>6</td>
<td>org.example.testRunner.runners@5f3a4b84</td></tr>
<tr>
<td title='org.example.testRunner.runners.runScenario()'><b>runScenario</b><br>Test class: org.example.testRunner.runners<br>Test method: Runs Cucumber Scenarios<br>Parameters: "1-user can add different products to Wishlist", "F06_AddToWishList |user can add different products to Wishlist"</td>
<td></td>
<td>5</td>
<td>org.example.testRunner.runners@5f3a4b84</td></tr>
<tr>
<td title='org.example.testRunner.runners.runScenario()'><b>runScenario</b><br>Test class: org.example.testRunner.runners<br>Test method: Runs Cucumber Scenarios<br>Parameters: "user can click on the electronics link successfully", "F10_Test | user can click on the electronics link"</td>
<td></td>
<td>6</td>
<td>org.example.testRunner.runners@5f3a4b84</td></tr>
</table><p>
</body>
</html>